2026/01/16 07:52:28:Failed send mail. To:miura.kosuke@kosaido.co.jp Subject:WordPress: Login page URL was changed
2026/01/16 07:52:34:Failed send mail. To:webmaster@vietry.com.vn Subject:WordPress: Login page URL was changed
2026/01/16 07:52:54:Failed send mail. To:miura.kosuke@kosaido.co.jp Subject:WordPress: Login page URL was changed
2026/01/16 07:52:56:Failed send mail. To:webmaster@vietry.com.vn Subject:WordPress: Login page URL was changed
2026/01/16 07:53:14:Failed send mail. To:miura.kosuke@kosaido.co.jp Subject:WordPress: Login page URL was changed
2026/01/16 07:53:16:Failed send mail. To:webmaster@vietry.com.vn Subject:WordPress: Login page URL was changed
2026/01/16 08:41:46:Failed send mail. To:miura.kosuke@kosaido.co.jp Subject:New login at KOSAIDO HR
2026/01/16 09:27:33:Failed send mail. To:webmaster@vietry.com.vn Subject:New login at KOSAIDO HR
2026/01/16 09:38:07:Failed send mail. To:miura.kosuke@kosaido.co.jp Subject:New login at KOSAIDO HR
2026/01/16 09:38:14:Failed send mail. To:miura.kosuke@kosaido.co.jp Subject:New login at KOSAIDO HR
2026/01/16 09:38:16:Failed send mail. To:miura.kosuke@kosaido.co.jp Subject:New login at KOSAIDO HR
2026/01/16 09:38:18:Failed send mail. To:miura.kosuke@kosaido.co.jp Subject:New login at KOSAIDO HR
2026/01/16 10:37:01:Failed send mail. To:miura.kosuke@kosaido.co.jp Subject:New login at KOSAIDO HR
2026/01/20 09:10:23:Failed send mail. To:webmaster@vietry.com.vn Subject:New login at KOSAIDO HR
2026/01/20 10:13:55:Failed send mail. To:webmaster@vietry.com.vn Subject:New login at KOSAIDO HR
2026/01/20 10:19:52:Failed send mail. To:webmaster@vietry.com.vn Subject:New login at KOSAIDO HR
2026/01/21 09:01:47:Failed send mail. To:webmaster@vietry.com.vn Subject:New login at KOSAIDO HR
2026/01/21 09:09:31:Failed send mail. To:webmaster@vietry.com.vn Subject:New login at KOSAIDO HR
2026/01/21 09:16:14:Failed send mail. To:miura.kosuke@kosaido.co.jp Subject:WordPress: Login page URL was changed
2026/01/21 09:16:20:Failed send mail. To:webmaster@vietry.com.vn Subject:WordPress: Login page URL was changed
2026/01/21 09:23:56:Failed send mail. To:webmaster@vietry.com.vn Subject:New login at KOSAIDO HR
2026/01/27 08:28:50:Failed send mail. To:webmaster@vietry.com.vn Subject:New login at KOSAIDO HR
2026/01/29 02:11:09:Failed send mail. To:webmaster@vietry.com.vn Subject:New login at KOSAIDO HR
2026/01/29 02:11:15:Failed send mail. To:webmaster@vietry.com.vn Subject:New login at KOSAIDO HR
2026/01/29 02:11:18:Failed send mail. To:webmaster@vietry.com.vn Subject:New login at KOSAIDO HR
2026/01/29 02:11:21:Failed send mail. To:webmaster@vietry.com.vn Subject:New login at KOSAIDO HR
2026/01/29 02:11:26:Failed send mail. To:webmaster@vietry.com.vn Subject:New login at KOSAIDO HR
2026/02/20 07:56:37:Failed send mail. To:miura.kosuke@kosaido.co.jp Subject:WordPress: 更新通知 @ https://kosaidovn.com
2026/02/20 07:56:43:Failed send mail. To:webmaster@vietry.com.vn Subject:WordPress: 更新通知 @ https://kosaidovn.com
2026/02/27 04:10:25:Failed send mail. To:webmaster@vietry.com.vn Subject:New login at KOSAIDO HR
